[20-12-04 21:45:47:047 CST] INFO  [com.cn.xx.test.ModelWebApplication logStarting] [restartedMain] : Starting ModelWebApplication on SKY-20200706ATU with PID 14276 (D:\WORK\zxxs\tmpTest\web\target\classes started by Administrator in D:\WORK\zxxs\tmpTest)
[20-12-04 21:45:47:047 CST] INFO  [com.cn.xx.test.ModelWebApplication logStartupProfileInfo] [restartedMain] : The following profiles are active: local
[20-12-04 21:45:48:048 CST] INFO  [org.springframework.boot.devtools.env.DevToolsPropertyDefaultsPostProcessor logTo] [restartedMain] : Devtools property defaults active! Set 'spring.devtools.add-properties' to 'false' to disable
[20-12-04 21:45:48:048 CST] INFO  [org.springframework.boot.devtools.env.DevToolsPropertyDefaultsPostProcessor logTo] [restartedMain] : For additional web related logging consider setting the 'logging.level.web' property to 'DEBUG'
[20-12-04 21:45:48:048 CST] WARN  [org.springframework.http.converter.json.Jackson2ObjectMapperBuilder warn] [background-preinit] : For Jackson Kotlin classes support please add "com.fasterxml.jackson.module:jackson-module-kotlin" to the classpath
[20-12-04 21:45:48:048 CST] INFO  [org.springframework.data.repository.config.RepositoryConfigurationDelegate multipleStoresDetected] [restartedMain] : Multiple Spring Data modules found, entering strict repository configuration mode!
[20-12-04 21:45:48:048 CST] INFO  [org.springframework.data.repository.config.RepositoryConfigurationDelegate registerRepositoriesIn] [restartedMain] : Bootstrapping Spring Data Redis repositories in DEFAULT mode.
[20-12-04 21:45:48:048 CST] INFO  [org.springframework.data.repository.config.RepositoryConfigurationDelegate registerRepositoriesIn] [restartedMain] : Finished Spring Data repository scanning in 19ms. Found 0 Redis repository interfaces.
[20-12-04 21:45:48:048 CST] INFO  [org.springframework.context.support.PostProcessorRegistrationDelegate$BeanPostProcessorChecker postProcessAfterInitialization] [restartedMain] : Bean 'myShiroRealm' of type [com.cn.xx.test.shiro.MyShiroRealm] is not eligible for getting processed by all BeanPostProcessors (for example: not eligible for auto-proxying)
[20-12-04 21:45:48:048 CST] INFO  [org.springframework.context.support.PostProcessorRegistrationDelegate$BeanPostProcessorChecker postProcessAfterInitialization] [restartedMain] : Bean 'shiroConfig' of type [com.cn.xx.test.shiro.ShiroConfig$$EnhancerBySpringCGLIB$$6e5f58ed] is not eligible for getting processed by all BeanPostProcessors (for example: not eligible for auto-proxying)
[20-12-04 21:45:49:049 CST] INFO  [org.springframework.context.support.PostProcessorRegistrationDelegate$BeanPostProcessorChecker postProcessAfterInitialization] [restartedMain] : Bean 'sm' of type [org.apache.shiro.web.mgt.DefaultWebSecurityManager] is not eligible for getting processed by all BeanPostProcessors (for example: not eligible for auto-proxying)
[20-12-04 21:45:49:049 CST] INFO  [org.springframework.boot.web.embedded.tomcat.TomcatWebServer initialize] [restartedMain] : Tomcat initialized with port(s): 8080 (http)
[20-12-04 21:45:49:049 CST] INFO  [org.apache.catalina.core.StandardService log] [restartedMain] : Starting service [Tomcat]
[20-12-04 21:45:49:049 CST] INFO  [org.apache.catalina.core.StandardEngine log] [restartedMain] : Starting Servlet engine: [Apache Tomcat/9.0.39]
[20-12-04 21:45:49:049 CST] INFO  [org.apache.catalina.core.ContainerBase.[Tomcat].[localhost].[/] log] [restartedMain] : Initializing Spring embedded WebApplicationContext
[20-12-04 21:45:49:049 CST] INFO  [org.springframework.boot.web.servlet.context.ServletWebServerApplicationContext prepareWebApplicationContext] [restartedMain] : Root WebApplicationContext: initialization completed in 1454 ms
[20-12-04 21:45:49:049 CST] DEBUG [org.apache.shiro.spring.web.ShiroFilterFactoryBean createInstance] [restartedMain] : Creating Shiro Filter instance.
[20-12-04 21:45:49:049 CST] DEBUG [org.apache.shiro.web.filter.mgt.DefaultFilterChainManager createChain] [restartedMain] : Creating chain [/page/**] with global filters [invalidRequest] and from String definition [anon]
[20-12-04 21:45:49:049 CST] DEBUG [org.apache.shiro.web.filter.mgt.DefaultFilterChainManager applyChainConfig] [restartedMain] : Attempting to apply path [/page/**] to filter [invalidRequest] with config [null]
[20-12-04 21:45:49:049 CST] DEBUG [org.apache.shiro.web.filter.mgt.DefaultFilterChainManager applyChainConfig] [restartedMain] : Attempting to apply path [/page/**] to filter [anon] with config [null]
[20-12-04 21:45:49:049 CST] DEBUG [org.apache.shiro.web.filter.mgt.DefaultFilterChainManager createChain] [restartedMain] : Creating chain [/admin/surc] with global filters [invalidRequest] and from String definition [anon]
[20-12-04 21:45:49:049 CST] DEBUG [org.apache.shiro.web.filter.mgt.DefaultFilterChainManager applyChainConfig] [restartedMain] : Attempting to apply path [/admin/surc] to filter [invalidRequest] with config [null]
[20-12-04 21:45:49:049 CST] DEBUG [org.apache.shiro.web.filter.mgt.DefaultFilterChainManager applyChainConfig] [restartedMain] : Attempting to apply path [/admin/surc] to filter [anon] with config [null]
[20-12-04 21:45:49:049 CST] DEBUG [org.apache.shiro.web.filter.mgt.DefaultFilterChainManager createChain] [restartedMain] : Creating chain [/admin/**] with global filters [invalidRequest] and from String definition [authc]
[20-12-04 21:45:49:049 CST] DEBUG [org.apache.shiro.web.filter.mgt.DefaultFilterChainManager applyChainConfig] [restartedMain] : Attempting to apply path [/admin/**] to filter [invalidRequest] with config [null]
[20-12-04 21:45:49:049 CST] DEBUG [org.apache.shiro.web.filter.mgt.DefaultFilterChainManager applyChainConfig] [restartedMain] : Attempting to apply path [/admin/**] to filter [authc] with config [null]
[20-12-04 21:45:49:049 CST] DEBUG [org.apache.shiro.web.filter.mgt.DefaultFilterChainManager createChain] [restartedMain] : Creating chain [/**] with global filters [invalidRequest] and from String definition [authc]
[20-12-04 21:45:49:049 CST] DEBUG [org.apache.shiro.web.filter.mgt.DefaultFilterChainManager applyChainConfig] [restartedMain] : Attempting to apply path [/**] to filter [invalidRequest] with config [null]
[20-12-04 21:45:49:049 CST] DEBUG [org.apache.shiro.web.filter.mgt.DefaultFilterChainManager applyChainConfig] [restartedMain] : Attempting to apply path [/**] to filter [authc] with config [null]
[20-12-04 21:45:49:049 CST] DEBUG [org.apache.shiro.spring.web.ShiroFilterFactoryBean createInstance] [restartedMain] : Creating Shiro Filter instance.
[20-12-04 21:45:49:049 CST] DEBUG [org.apache.shiro.web.filter.mgt.DefaultFilterChainManager createChain] [restartedMain] : Creating chain [/page/**] with global filters [invalidRequest] and from String definition [anon]
[20-12-04 21:45:49:049 CST] DEBUG [org.apache.shiro.web.filter.mgt.DefaultFilterChainManager applyChainConfig] [restartedMain] : Attempting to apply path [/page/**] to filter [invalidRequest] with config [null]
[20-12-04 21:45:49:049 CST] DEBUG [org.apache.shiro.web.filter.mgt.DefaultFilterChainManager applyChainConfig] [restartedMain] : Attempting to apply path [/page/**] to filter [anon] with config [null]
[20-12-04 21:45:49:049 CST] DEBUG [org.apache.shiro.web.filter.mgt.DefaultFilterChainManager createChain] [restartedMain] : Creating chain [/admin/surc] with global filters [invalidRequest] and from String definition [anon]
[20-12-04 21:45:49:049 CST] DEBUG [org.apache.shiro.web.filter.mgt.DefaultFilterChainManager applyChainConfig] [restartedMain] : Attempting to apply path [/admin/surc] to filter [invalidRequest] with config [null]
[20-12-04 21:45:49:049 CST] DEBUG [org.apache.shiro.web.filter.mgt.DefaultFilterChainManager applyChainConfig] [restartedMain] : Attempting to apply path [/admin/surc] to filter [anon] with config [null]
[20-12-04 21:45:49:049 CST] DEBUG [org.apache.shiro.web.filter.mgt.DefaultFilterChainManager createChain] [restartedMain] : Creating chain [/admin/**] with global filters [invalidRequest] and from String definition [authc]
[20-12-04 21:45:49:049 CST] DEBUG [org.apache.shiro.web.filter.mgt.DefaultFilterChainManager applyChainConfig] [restartedMain] : Attempting to apply path [/admin/**] to filter [invalidRequest] with config [null]
[20-12-04 21:45:49:049 CST] DEBUG [org.apache.shiro.web.filter.mgt.DefaultFilterChainManager applyChainConfig] [restartedMain] : Attempting to apply path [/admin/**] to filter [authc] with config [null]
[20-12-04 21:45:49:049 CST] DEBUG [org.apache.shiro.web.filter.mgt.DefaultFilterChainManager createChain] [restartedMain] : Creating chain [/**] with global filters [invalidRequest] and from String definition [authc]
[20-12-04 21:45:49:049 CST] DEBUG [org.apache.shiro.web.filter.mgt.DefaultFilterChainManager applyChainConfig] [restartedMain] : Attempting to apply path [/**] to filter [invalidRequest] with config [null]
[20-12-04 21:45:49:049 CST] DEBUG [org.apache.shiro.web.filter.mgt.DefaultFilterChainManager applyChainConfig] [restartedMain] : Attempting to apply path [/**] to filter [authc] with config [null]
[20-12-04 21:45:49:049 CST] DEBUG [org.apache.shiro.spring.web.ShiroFilterFactoryBean postProcessBeforeInitialization] [restartedMain] : Found filter chain candidate filter 'requestContextFilter'
[20-12-04 21:45:49:049 CST] DEBUG [org.apache.shiro.spring.web.ShiroFilterFactoryBean postProcessBeforeInitialization] [restartedMain] : Found filter chain candidate filter 'requestContextFilter'
[20-12-04 21:45:49:049 CST] DEBUG [org.apache.shiro.spring.web.ShiroFilterFactoryBean postProcessBeforeInitialization] [restartedMain] : Found filter chain candidate filter 'formContentFilter'
[20-12-04 21:45:49:049 CST] DEBUG [org.apache.shiro.spring.web.ShiroFilterFactoryBean postProcessBeforeInitialization] [restartedMain] : Found filter chain candidate filter 'formContentFilter'
[20-12-04 21:45:49:049 CST] DEBUG [org.apache.shiro.spring.web.ShiroFilterFactoryBean postProcessBeforeInitialization] [restartedMain] : Found filter chain candidate filter 'characterEncodingFilter'
[20-12-04 21:45:49:049 CST] DEBUG [org.apache.shiro.spring.web.ShiroFilterFactoryBean postProcessBeforeInitialization] [restartedMain] : Found filter chain candidate filter 'characterEncodingFilter'
[20-12-04 21:45:50:050 CST] INFO  [org.springframework.scheduling.concurrent.ThreadPoolTaskExecutor initialize] [restartedMain] : Initializing ExecutorService 'applicationTaskExecutor'
[20-12-04 21:45:50:050 CST] INFO  [org.springframework.boot.autoconfigure.web.servlet.WelcomePageHandlerMapping <init>] [restartedMain] : Adding welcome page template: index
[20-12-04 21:45:50:050 CST] INFO  [org.springframework.boot.devtools.autoconfigure.OptionalLiveReloadServer startServer] [restartedMain] : LiveReload server is running on port 35729
[20-12-04 21:45:50:050 CST] INFO  [org.springframework.boot.web.embedded.tomcat.TomcatWebServer start] [restartedMain] : Tomcat started on port(s): 8080 (http) with context path ''
[20-12-04 21:45:50:050 CST] INFO  [com.cn.xx.test.ModelWebApplication logStarted] [restartedMain] : Started ModelWebApplication in 3.291 seconds (JVM running for 4.001)
[20-12-04 21:54:38:038 CST] ERROR [org.springframework.boot.SpringApplication reportFailure] [restartedMain] : Application run failed
java.lang.IllegalStateException: java.lang.IllegalStateException: Logback configuration error detected: 
ERROR in ch.qos.logback.core.rolling.RollingFileAppender[FILE] - 'FileNamePattern' option has the same value "C:/Users/ADMINI~1/AppData/Local/Temp//spring.log.%d{yyyy-MM-dd}.%i.gz" as that given for appender [FILE] defined earlier.
ERROR in ch.qos.logback.core.rolling.RollingFileAppender[FILE] - Collisions detected with FileAppender/RollingAppender instances defined earlier. Aborting.
ERROR in ch.qos.logback.core.rolling.RollingFileAppender[FILE] - For more information, please visit http://logback.qos.ch/codes.html#earlier_fa_collision
	at org.springframework.boot.context.logging.LoggingApplicationListener.initializeSystem(LoggingApplicationListener.java:321)
	at org.springframework.boot.context.logging.LoggingApplicationListener.initialize(LoggingApplicationListener.java:281)
	at org.springframework.boot.context.logging.LoggingApplicationListener.onApplicationEnvironmentPreparedEvent(LoggingApplicationListener.java:239)
	at org.springframework.boot.context.logging.LoggingApplicationListener.onApplicationEvent(LoggingApplicationListener.java:216)
	at org.springframework.context.event.SimpleApplicationEventMulticaster.doInvokeListener(SimpleApplicationEventMulticaster.java:172)
	at org.springframework.context.event.SimpleApplicationEventMulticaster.invokeListener(SimpleApplicationEventMulticaster.java:165)
	at org.springframework.context.event.SimpleApplicationEventMulticaster.multicastEvent(SimpleApplicationEventMulticaster.java:139)
	at org.springframework.context.event.SimpleApplicationEventMulticaster.multicastEvent(SimpleApplicationEventMulticaster.java:127)
	at org.springframework.boot.context.event.EventPublishingRunListener.environmentPrepared(EventPublishingRunListener.java:80)
	at org.springframework.boot.SpringApplicationRunListeners.environmentPrepared(SpringApplicationRunListeners.java:53)
	at org.springframework.boot.SpringApplication.prepareEnvironment(SpringApplication.java:345)
	at org.springframework.boot.SpringApplication.run(SpringApplication.java:308)
	at org.springframework.boot.SpringApplication.run(SpringApplication.java:1237)
	at org.springframework.boot.SpringApplication.run(SpringApplication.java:1226)
	at com.cn.xx.test.ModelWebApplication.main(ModelWebApplication.java:15)
	at sun.reflect.NativeMethodAccessorImpl.invoke0(Native Method)
	at sun.reflect.NativeMethodAccessorImpl.invoke(NativeMethodAccessorImpl.java:62)
	at sun.reflect.DelegatingMethodAccessorImpl.invoke(DelegatingMethodAccessorImpl.java:43)
	at java.lang.reflect.Method.invoke(Method.java:498)
	at org.springframework.boot.devtools.restart.RestartLauncher.run(RestartLauncher.java:49)
Caused by: java.lang.IllegalStateException: Logback configuration error detected: 
ERROR in ch.qos.logback.core.rolling.RollingFileAppender[FILE] - 'FileNamePattern' option has the same value "C:/Users/ADMINI~1/AppData/Local/Temp//spring.log.%d{yyyy-MM-dd}.%i.gz" as that given for appender [FILE] defined earlier.
ERROR in ch.qos.logback.core.rolling.RollingFileAppender[FILE] - Collisions detected with FileAppender/RollingAppender instances defined earlier. Aborting.
ERROR in ch.qos.logback.core.rolling.RollingFileAppender[FILE] - For more information, please visit http://logback.qos.ch/codes.html#earlier_fa_collision
	at org.springframework.boot.logging.logback.LogbackLoggingSystem.loadConfiguration(LogbackLoggingSystem.java:169)
	at org.springframework.boot.logging.AbstractLoggingSystem.initializeWithSpecificConfig(AbstractLoggingSystem.java:66)
	at org.springframework.boot.logging.AbstractLoggingSystem.initialize(AbstractLoggingSystem.java:57)
	at org.springframework.boot.logging.logback.LogbackLoggingSystem.initialize(LogbackLoggingSystem.java:118)
	at org.springframework.boot.context.logging.LoggingApplicationListener.initializeSystem(LoggingApplicationListener.java:310)
	... 19 common frames omitted
[20-12-04 21:55:17:017 CST] ERROR [org.springframework.boot.SpringApplication reportFailure] [restartedMain] : Application run failed
java.lang.IllegalStateException: java.lang.IllegalStateException: Logback configuration error detected: 
ERROR in ch.qos.logback.core.rolling.RollingFileAppender[FILE] - 'FileNamePattern' option has the same value "C:/Users/ADMINI~1/AppData/Local/Temp//spring.log.%d{yyyy-MM-dd}.%i.gz" as that given for appender [FILE] defined earlier.
ERROR in ch.qos.logback.core.rolling.RollingFileAppender[FILE] - Collisions detected with FileAppender/RollingAppender instances defined earlier. Aborting.
ERROR in ch.qos.logback.core.rolling.RollingFileAppender[FILE] - For more information, please visit http://logback.qos.ch/codes.html#earlier_fa_collision
	at org.springframework.boot.context.logging.LoggingApplicationListener.initializeSystem(LoggingApplicationListener.java:321)
	at org.springframework.boot.context.logging.LoggingApplicationListener.initialize(LoggingApplicationListener.java:281)
	at org.springframework.boot.context.logging.LoggingApplicationListener.onApplicationEnvironmentPreparedEvent(LoggingApplicationListener.java:239)
	at org.springframework.boot.context.logging.LoggingApplicationListener.onApplicationEvent(LoggingApplicationListener.java:216)
	at org.springframework.context.event.SimpleApplicationEventMulticaster.doInvokeListener(SimpleApplicationEventMulticaster.java:172)
	at org.springframework.context.event.SimpleApplicationEventMulticaster.invokeListener(SimpleApplicationEventMulticaster.java:165)
	at org.springframework.context.event.SimpleApplicationEventMulticaster.multicastEvent(SimpleApplicationEventMulticaster.java:139)
	at org.springframework.context.event.SimpleApplicationEventMulticaster.multicastEvent(SimpleApplicationEventMulticaster.java:127)
	at org.springframework.boot.context.event.EventPublishingRunListener.environmentPrepared(EventPublishingRunListener.java:80)
	at org.springframework.boot.SpringApplicationRunListeners.environmentPrepared(SpringApplicationRunListeners.java:53)
	at org.springframework.boot.SpringApplication.prepareEnvironment(SpringApplication.java:345)
	at org.springframework.boot.SpringApplication.run(SpringApplication.java:308)
	at org.springframework.boot.SpringApplication.run(SpringApplication.java:1237)
	at org.springframework.boot.SpringApplication.run(SpringApplication.java:1226)
	at com.cn.xx.test.ModelWebApplication.main(ModelWebApplication.java:15)
	at sun.reflect.NativeMethodAccessorImpl.invoke0(Native Method)
	at sun.reflect.NativeMethodAccessorImpl.invoke(NativeMethodAccessorImpl.java:62)
	at sun.reflect.DelegatingMethodAccessorImpl.invoke(DelegatingMethodAccessorImpl.java:43)
	at java.lang.reflect.Method.invoke(Method.java:498)
	at org.springframework.boot.devtools.restart.RestartLauncher.run(RestartLauncher.java:49)
Caused by: java.lang.IllegalStateException: Logback configuration error detected: 
ERROR in ch.qos.logback.core.rolling.RollingFileAppender[FILE] - 'FileNamePattern' option has the same value "C:/Users/ADMINI~1/AppData/Local/Temp//spring.log.%d{yyyy-MM-dd}.%i.gz" as that given for appender [FILE] defined earlier.
ERROR in ch.qos.logback.core.rolling.RollingFileAppender[FILE] - Collisions detected with FileAppender/RollingAppender instances defined earlier. Aborting.
ERROR in ch.qos.logback.core.rolling.RollingFileAppender[FILE] - For more information, please visit http://logback.qos.ch/codes.html#earlier_fa_collision
	at org.springframework.boot.logging.logback.LogbackLoggingSystem.loadConfiguration(LogbackLoggingSystem.java:169)
	at org.springframework.boot.logging.AbstractLoggingSystem.initializeWithSpecificConfig(AbstractLoggingSystem.java:66)
	at org.springframework.boot.logging.AbstractLoggingSystem.initialize(AbstractLoggingSystem.java:57)
	at org.springframework.boot.logging.logback.LogbackLoggingSystem.initialize(LogbackLoggingSystem.java:118)
	at org.springframework.boot.context.logging.LoggingApplicationListener.initializeSystem(LoggingApplicationListener.java:310)
	... 19 common frames omitted
[20-12-04 21:55:24:024 CST] INFO  [com.cn.xx.test.ModelWebApplication logStarting] [restartedMain] : Starting ModelWebApplication on SKY-20200706ATU with PID 11688 (D:\WORK\zxxs\tmpTest\web\target\classes started by Administrator in D:\WORK\zxxs\tmpTest)
[20-12-04 21:55:24:024 CST] INFO  [com.cn.xx.test.ModelWebApplication logStartupProfileInfo] [restartedMain] : The following profiles are active: local
[20-12-04 21:55:24:024 CST] INFO  [org.springframework.boot.devtools.env.DevToolsPropertyDefaultsPostProcessor logTo] [restartedMain] : Devtools property defaults active! Set 'spring.devtools.add-properties' to 'false' to disable
[20-12-04 21:55:24:024 CST] INFO  [org.springframework.boot.devtools.env.DevToolsPropertyDefaultsPostProcessor logTo] [restartedMain] : For additional web related logging consider setting the 'logging.level.web' property to 'DEBUG'
[20-12-04 21:55:24:024 CST] WARN  [org.springframework.http.converter.json.Jackson2ObjectMapperBuilder warn] [background-preinit] : For Jackson Kotlin classes support please add "com.fasterxml.jackson.module:jackson-module-kotlin" to the classpath
[20-12-04 21:55:24:024 CST] INFO  [org.springframework.data.repository.config.RepositoryConfigurationDelegate multipleStoresDetected] [restartedMain] : Multiple Spring Data modules found, entering strict repository configuration mode!
[20-12-04 21:55:24:024 CST] INFO  [org.springframework.data.repository.config.RepositoryConfigurationDelegate registerRepositoriesIn] [restartedMain] : Bootstrapping Spring Data Redis repositories in DEFAULT mode.
[20-12-04 21:55:24:024 CST] INFO  [org.springframework.data.repository.config.RepositoryConfigurationDelegate registerRepositoriesIn] [restartedMain] : Finished Spring Data repository scanning in 19ms. Found 0 Redis repository interfaces.
[20-12-04 21:55:25:025 CST] INFO  [org.springframework.context.support.PostProcessorRegistrationDelegate$BeanPostProcessorChecker postProcessAfterInitialization] [restartedMain] : Bean 'myShiroRealm' of type [com.cn.xx.test.shiro.MyShiroRealm] is not eligible for getting processed by all BeanPostProcessors (for example: not eligible for auto-proxying)
[20-12-04 21:55:25:025 CST] INFO  [org.springframework.context.support.PostProcessorRegistrationDelegate$BeanPostProcessorChecker postProcessAfterInitialization] [restartedMain] : Bean 'shiroConfig' of type [com.cn.xx.test.shiro.ShiroConfig$$EnhancerBySpringCGLIB$$5c265ac6] is not eligible for getting processed by all BeanPostProcessors (for example: not eligible for auto-proxying)
[20-12-04 21:55:25:025 CST] INFO  [org.springframework.context.support.PostProcessorRegistrationDelegate$BeanPostProcessorChecker postProcessAfterInitialization] [restartedMain] : Bean 'sm' of type [org.apache.shiro.web.mgt.DefaultWebSecurityManager] is not eligible for getting processed by all BeanPostProcessors (for example: not eligible for auto-proxying)
[20-12-04 21:55:25:025 CST] INFO  [org.springframework.boot.web.embedded.tomcat.TomcatWebServer initialize] [restartedMain] : Tomcat initialized with port(s): 8080 (http)
[20-12-04 21:55:25:025 CST] INFO  [org.apache.catalina.core.StandardService log] [restartedMain] : Starting service [Tomcat]
[20-12-04 21:55:25:025 CST] INFO  [org.apache.catalina.core.StandardEngine log] [restartedMain] : Starting Servlet engine: [Apache Tomcat/9.0.39]
[20-12-04 21:55:25:025 CST] INFO  [org.apache.catalina.core.ContainerBase.[Tomcat].[localhost].[/] log] [restartedMain] : Initializing Spring embedded WebApplicationContext
[20-12-04 21:55:25:025 CST] INFO  [org.springframework.boot.web.servlet.context.ServletWebServerApplicationContext prepareWebApplicationContext] [restartedMain] : Root WebApplicationContext: initialization completed in 1456 ms
[20-12-04 21:55:25:025 CST] DEBUG [org.apache.shiro.spring.web.ShiroFilterFactoryBean createInstance] [restartedMain] : Creating Shiro Filter instance.
[20-12-04 21:55:25:025 CST] DEBUG [org.apache.shiro.web.filter.mgt.DefaultFilterChainManager createChain] [restartedMain] : Creating chain [/page/**] with global filters [invalidRequest] and from String definition [anon]
[20-12-04 21:55:25:025 CST] DEBUG [org.apache.shiro.web.filter.mgt.DefaultFilterChainManager applyChainConfig] [restartedMain] : Attempting to apply path [/page/**] to filter [invalidRequest] with config [null]
[20-12-04 21:55:25:025 CST] DEBUG [org.apache.shiro.web.filter.mgt.DefaultFilterChainManager applyChainConfig] [restartedMain] : Attempting to apply path [/page/**] to filter [anon] with config [null]
[20-12-04 21:55:25:025 CST] DEBUG [org.apache.shiro.web.filter.mgt.DefaultFilterChainManager createChain] [restartedMain] : Creating chain [/admin/surc] with global filters [invalidRequest] and from String definition [anon]
[20-12-04 21:55:25:025 CST] DEBUG [org.apache.shiro.web.filter.mgt.DefaultFilterChainManager applyChainConfig] [restartedMain] : Attempting to apply path [/admin/surc] to filter [invalidRequest] with config [null]
[20-12-04 21:55:25:025 CST] DEBUG [org.apache.shiro.web.filter.mgt.DefaultFilterChainManager applyChainConfig] [restartedMain] : Attempting to apply path [/admin/surc] to filter [anon] with config [null]
[20-12-04 21:55:25:025 CST] DEBUG [org.apache.shiro.web.filter.mgt.DefaultFilterChainManager createChain] [restartedMain] : Creating chain [/admin/**] with global filters [invalidRequest] and from String definition [authc]
[20-12-04 21:55:25:025 CST] DEBUG [org.apache.shiro.web.filter.mgt.DefaultFilterChainManager applyChainConfig] [restartedMain] : Attempting to apply path [/admin/**] to filter [invalidRequest] with config [null]
[20-12-04 21:55:25:025 CST] DEBUG [org.apache.shiro.web.filter.mgt.DefaultFilterChainManager applyChainConfig] [restartedMain] : Attempting to apply path [/admin/**] to filter [authc] with config [null]
[20-12-04 21:55:25:025 CST] DEBUG [org.apache.shiro.web.filter.mgt.DefaultFilterChainManager createChain] [restartedMain] : Creating chain [/**] with global filters [invalidRequest] and from String definition [authc]
[20-12-04 21:55:25:025 CST] DEBUG [org.apache.shiro.web.filter.mgt.DefaultFilterChainManager applyChainConfig] [restartedMain] : Attempting to apply path [/**] to filter [invalidRequest] with config [null]
[20-12-04 21:55:25:025 CST] DEBUG [org.apache.shiro.web.filter.mgt.DefaultFilterChainManager applyChainConfig] [restartedMain] : Attempting to apply path [/**] to filter [authc] with config [null]
[20-12-04 21:55:25:025 CST] DEBUG [org.apache.shiro.spring.web.ShiroFilterFactoryBean createInstance] [restartedMain] : Creating Shiro Filter instance.
[20-12-04 21:55:25:025 CST] DEBUG [org.apache.shiro.web.filter.mgt.DefaultFilterChainManager createChain] [restartedMain] : Creating chain [/page/**] with global filters [invalidRequest] and from String definition [anon]
[20-12-04 21:55:25:025 CST] DEBUG [org.apache.shiro.web.filter.mgt.DefaultFilterChainManager applyChainConfig] [restartedMain] : Attempting to apply path [/page/**] to filter [invalidRequest] with config [null]
[20-12-04 21:55:25:025 CST] DEBUG [org.apache.shiro.web.filter.mgt.DefaultFilterChainManager applyChainConfig] [restartedMain] : Attempting to apply path [/page/**] to filter [anon] with config [null]
[20-12-04 21:55:25:025 CST] DEBUG [org.apache.shiro.web.filter.mgt.DefaultFilterChainManager createChain] [restartedMain] : Creating chain [/admin/surc] with global filters [invalidRequest] and from String definition [anon]
[20-12-04 21:55:25:025 CST] DEBUG [org.apache.shiro.web.filter.mgt.DefaultFilterChainManager applyChainConfig] [restartedMain] : Attempting to apply path [/admin/surc] to filter [invalidRequest] with config [null]
[20-12-04 21:55:25:025 CST] DEBUG [org.apache.shiro.web.filter.mgt.DefaultFilterChainManager applyChainConfig] [restartedMain] : Attempting to apply path [/admin/surc] to filter [anon] with config [null]
[20-12-04 21:55:25:025 CST] DEBUG [org.apache.shiro.web.filter.mgt.DefaultFilterChainManager createChain] [restartedMain] : Creating chain [/admin/**] with global filters [invalidRequest] and from String definition [authc]
[20-12-04 21:55:25:025 CST] DEBUG [org.apache.shiro.web.filter.mgt.DefaultFilterChainManager applyChainConfig] [restartedMain] : Attempting to apply path [/admin/**] to filter [invalidRequest] with config [null]
[20-12-04 21:55:25:025 CST] DEBUG [org.apache.shiro.web.filter.mgt.DefaultFilterChainManager applyChainConfig] [restartedMain] : Attempting to apply path [/admin/**] to filter [authc] with config [null]
[20-12-04 21:55:25:025 CST] DEBUG [org.apache.shiro.web.filter.mgt.DefaultFilterChainManager createChain] [restartedMain] : Creating chain [/**] with global filters [invalidRequest] and from String definition [authc]
[20-12-04 21:55:25:025 CST] DEBUG [org.apache.shiro.web.filter.mgt.DefaultFilterChainManager applyChainConfig] [restartedMain] : Attempting to apply path [/**] to filter [invalidRequest] with config [null]
[20-12-04 21:55:25:025 CST] DEBUG [org.apache.shiro.web.filter.mgt.DefaultFilterChainManager applyChainConfig] [restartedMain] : Attempting to apply path [/**] to filter [authc] with config [null]
[20-12-04 21:55:25:025 CST] DEBUG [org.apache.shiro.spring.web.ShiroFilterFactoryBean postProcessBeforeInitialization] [restartedMain] : Found filter chain candidate filter 'requestContextFilter'
[20-12-04 21:55:25:025 CST] DEBUG [org.apache.shiro.spring.web.ShiroFilterFactoryBean postProcessBeforeInitialization] [restartedMain] : Found filter chain candidate filter 'requestContextFilter'
[20-12-04 21:55:25:025 CST] DEBUG [org.apache.shiro.spring.web.ShiroFilterFactoryBean postProcessBeforeInitialization] [restartedMain] : Found filter chain candidate filter 'formContentFilter'
[20-12-04 21:55:25:025 CST] DEBUG [org.apache.shiro.spring.web.ShiroFilterFactoryBean postProcessBeforeInitialization] [restartedMain] : Found filter chain candidate filter 'formContentFilter'
[20-12-04 21:55:25:025 CST] DEBUG [org.apache.shiro.spring.web.ShiroFilterFactoryBean postProcessBeforeInitialization] [restartedMain] : Found filter chain candidate filter 'characterEncodingFilter'
[20-12-04 21:55:25:025 CST] DEBUG [org.apache.shiro.spring.web.ShiroFilterFactoryBean postProcessBeforeInitialization] [restartedMain] : Found filter chain candidate filter 'characterEncodingFilter'
[20-12-04 21:55:26:026 CST] INFO  [org.springframework.scheduling.concurrent.ThreadPoolTaskExecutor initialize] [restartedMain] : Initializing ExecutorService 'applicationTaskExecutor'
[20-12-04 21:55:26:026 CST] INFO  [org.springframework.boot.autoconfigure.web.servlet.WelcomePageHandlerMapping <init>] [restartedMain] : Adding welcome page template: index
[20-12-04 21:55:26:026 CST] INFO  [org.springframework.boot.devtools.autoconfigure.OptionalLiveReloadServer startServer] [restartedMain] : LiveReload server is running on port 35729
[20-12-04 21:55:26:026 CST] INFO  [org.springframework.boot.web.embedded.tomcat.TomcatWebServer start] [restartedMain] : Tomcat started on port(s): 8080 (http) with context path ''
[20-12-04 21:55:26:026 CST] INFO  [com.cn.xx.test.ModelWebApplication logStarted] [restartedMain] : Started ModelWebApplication in 3.26 seconds (JVM running for 3.968)
